<?xml version="1.0" encoding="UTF-8"?>
<!-- Generated by org.testng.reporters.JUnitReportReporter -->
<testsuite hostname="Naresh" failures="0" tests="1" name="test.java.JenkinsDemoRun" time="3.793" errors="0" timestamp="2025-03-15T10:24:38 IST" skipped="0">
  <testcase classname="test.java.JenkinsDemoRun" name="jenkinsTest" time="3.793"/>
</testsuite> <!-- test.java.JenkinsDemoRun -->
