<?xml version="1.0" encoding="UTF-8"?>
<!-- Generated by org.testng.reporters.JUnitReportReporter -->
<testsuite hostname="Naresh" failures="0" tests="1" name="test.java.JenkinsDemoRun" time="4.029" errors="0" timestamp="2025-03-15T16:06:52 IST" skipped="0">
  <testcase classname="test.java.JenkinsDemoRun" name="jenkinsTest" time="4.029"/>
</testsuite> <!-- test.java.JenkinsDemoRun -->
