<?xml version="1.0" encoding="UTF-8"?>
<!-- Generated by org.testng.reporters.JUnitReportReporter -->
<testsuite hostname="Naresh" failures="0" tests="1" name="test.java.java.JenkinsDemoRun" time="6.189" errors="0" timestamp="2025-03-15T12:58:31 IST" skipped="0">
  <testcase classname="test.java.java.JenkinsDemoRun" name="jenkinsTest" time="6.189"/>
</testsuite> <!-- test.java.java.JenkinsDemoRun -->
