<?xml version="1.0" encoding="UTF-8"?>
<!-- Generated by org.testng.reporters.JUnitReportReporter -->
<testsuite hostname="Naresh" failures="0" tests="1" name="test.JenkinsDemoRun" time="3.954" errors="0" timestamp="2025-03-15T17:36:29 IST" skipped="0">
  <testcase classname="test.JenkinsDemoRun" name="jenkinsTest" time="3.954"/>
</testsuite> <!-- test.JenkinsDemoRun -->
