<?xml version="1.0" encoding="UTF-8"?>
<!-- Generated by org.testng.reporters.JUnitReportReporter -->
<testsuite hostname="Naresh" failures="0" tests="1" name="test.java.test.JenkinsDemoRun" time="3.746" errors="0" timestamp="2025-03-15T16:20:18 IST" skipped="0">
  <testcase classname="test.java.test.JenkinsDemoRun" name="jenkinsTest" time="3.746"/>
</testsuite> <!-- test.java.test.JenkinsDemoRun -->
