<?xml version="1.0" encoding="UTF-8"?>
<!-- Generated by org.testng.reporters.JUnitReportReporter -->
<testsuite hostname="Naresh" failures="0" tests="1" name="test.JenkinsDemoRun" time="4.183" errors="0" timestamp="2025-03-15T16:41:40 IST" skipped="0">
  <testcase classname="test.JenkinsDemoRun" name="jenkinsTest" time="4.183"/>
</testsuite> <!-- test.JenkinsDemoRun -->
